<?xml version="1.0" encoding="UTF-8"?>
<testsuite name="com.kodilla.testing.statistics.TestNewForumStatistics" tests="13" skipped="0" failures="0" errors="0" timestamp="2019-11-24T17:39:58" hostname="LAPTOP-B9UVV4I7" time="0.416">
  <properties/>
  <testcase name="testCalculateAdvWhenPostEquals1000" classname="com.kodilla.testing.statistics.TestNewForumStatistics" time="0.409"/>
  <testcase name="testCalculateAdvWhenUsersAre0AndPostsAre1000" classname="com.kodilla.testing.statistics.TestNewForumStatistics" time="0.0"/>
  <testcase name="testCalculateAdvWhenComments0AndUsers100" classname="com.kodilla.testing.statistics.TestNewForumStatistics" time="0.001"/>
  <testcase name="testCalculateAdvWhenUsers100Posts1000AndPostsLessThanComments" classname="com.kodilla.testing.statistics.TestNewForumStatistics" time="0.0"/>
  <testcase name="testCalculateAdvWhenCommentAreLessThanPosts" classname="com.kodilla.testing.statistics.TestNewForumStatistics" time="0.001"/>
  <testcase name="testCalculateAdvWhenPostsAreLessThanComments" classname="com.kodilla.testing.statistics.TestNewForumStatistics" time="0.0"/>
  <testcase name="testCalculateAdvWhenUsersAre100" classname="com.kodilla.testing.statistics.TestNewForumStatistics" time="0.001"/>
  <testcase name="testCalculateAdvWhenUsers100Posts0AndPostsLessThanComments" classname="com.kodilla.testing.statistics.TestNewForumStatistics" time="0.0"/>
  <testcase name="testCalculateAdvWhenUsers0Posts1000AndCommentsAreLessThanPosts" classname="com.kodilla.testing.statistics.TestNewForumStatistics" time="0.001"/>
  <testcase name="testCalculateAdvWhenPostEqualsZeroCommentsEqualsZeroAndUsersEqualsZero" classname="com.kodilla.testing.statistics.TestNewForumStatistics" time="0.0"/>
  <testcase name="testCalculateAdvWhenUsers100Posts1000AndPostsMoreThanComments" classname="com.kodilla.testing.statistics.TestNewForumStatistics" time="0.001"/>
  <testcase name="testCalculateAdvWhenPosts0AndUsers100" classname="com.kodilla.testing.statistics.TestNewForumStatistics" time="0.0"/>
  <testcase name="testCalculateAdvWhenUsersAre100AndPostsAre1000" classname="com.kodilla.testing.statistics.TestNewForumStatistics" time="0.001"/>
  <system-out><![CDATA[This is the beginning of tests. Poczatek!
Preparing to execute test. Numer TESTU:  #1
Preparing to execute test. Numer TESTU:  #2
Preparing to execute test. Numer TESTU:  #3
Preparing to execute test. Numer TESTU:  #4
Preparing to execute test. Numer TESTU:  #5
Preparing to execute test. Numer TESTU:  #6
Preparing to execute test. Numer TESTU:  #7
Preparing to execute test. Numer TESTU:  #8
Preparing to execute test. Numer TESTU:  #9
Preparing to execute test. Numer TESTU:  #10
Preparing to execute test. Numer TESTU:  #11
Preparing to execute test. Numer TESTU:  #12
Preparing to execute test. Numer TESTU:  #13
All tests are finished. Testy ZAKONCZONE
]]></system-out>
  <system-err><![CDATA[]]></system-err>
</testsuite>
